Watching for file changes with StatReloader
System check identified some issues:

WARNINGS:
todos.Todo: (models.W042) Auto-created primary key used when not defining a primary key type, by default 'django.db.models.AutoField'.
	HINT: Configure the DEFAULT_AUTO_FIELD setting or the TodosConfig.default_auto_field attribute to point to a subclass of AutoField, e.g. 'django.db.models.BigAutoField'.

System check identified 1 issue (0 silenced).
[26/Sep/2023 11:57:34] "GET / HTTP/1.1" 302 0
[26/Sep/2023 11:57:34] "GET /todos HTTP/1.1" 301 0
[26/Sep/2023 11:57:34] "GET /todos/ HTTP/1.1" 200 4102
[26/Sep/2023 11:57:34] "GET /static/css/style.css HTTP/1.1" 200 225
Not Found: /favicon.ico
[26/Sep/2023 11:57:34] "GET /favicon.ico HTTP/1.1" 404 2570
Performing system checks...

September 26, 2023 - 11:57:14
Django version 4.2.5, using settings 'todoApp.settings'
Starting development server at http://0.0.0.0:8000/
Quit the server with CONTROL-C.

Watching for file changes with StatReloader
System check identified some issues:

WARNINGS:
todos.Todo: (models.W042) Auto-created primary key used when not defining a primary key type, by default 'django.db.models.AutoField'.
	HINT: Configure the DEFAULT_AUTO_FIELD setting or the TodosConfig.default_auto_field attribute to point to a subclass of AutoField, e.g. 'django.db.models.BigAutoField'.

System check identified 1 issue (0 silenced).
[26/Sep/2023 11:58:35] "GET /todos/ HTTP/1.1" 200 4102
